<?xml version="1.0" encoding="UTF-8"?>
<testsuite name="com.presignedurl.backend.controller.ImageControllerTests" tests="1" skipped="0" failures="0" errors="0" timestamp="2024-04-08T15:23:53" hostname="ip-192-168-0-9.ap-northeast-1.compute.internal" time="0.367">
  <properties/>
  <testcase name="createPresignedUrls() を呼んだ時、200 OKとPresignedUrlのリスト型の返す()" classname="com.presignedurl.backend.controller.ImageControllerTests" time="0.367"/>
  <system-out><![CDATA[Standard Commons Logging discovery in action with spring-jcl: please remove commons-logging.jar from classpath in order to avoid potential conflicts
00:23:51.511 [Test worker] INFO org.springframework.test.context.support.AnnotationConfigContextLoaderUtils -- Could not detect default configuration classes for test class [com.presignedurl.backend.controller.ImageControllerTests]: ImageControllerTests does not declare any static, non-private, non-final, nested classes annotated with @Configuration.
00:23:51.553 [Test worker] INFO org.springframework.boot.test.context.SpringBootTestContextBootstrapper -- Found @SpringBootConfiguration com.presignedurl.backend.BackendApplication for test class com.presignedurl.backend.controller.ImageControllerTests

  .   ____          _            __ _ _
 /\\ / ___'_ __ _ _(_)_ __  __ _ \ \ \ \
( ( )\___ | '_ | '_| | '_ \/ _` | \ \ \ \
 \\/  ___)| |_)| | | | | || (_| |  ) ) ) )
  '  |____| .__|_| |_|_| |_\__, | / / / /
 =========|_|==============|___/=/_/_/_/
 :: Spring Boot ::                (v3.2.4)

2024-04-09T00:23:51.700+09:00  INFO 93342 --- [    Test worker] c.p.b.controller.ImageControllerTests    : Starting ImageControllerTests using Java 21.0.1 with PID 93342 (started by user in /Users/user/Documents/devs/personal/aws/S3/presignedUrl/backend)
2024-04-09T00:23:51.700+09:00  INFO 93342 --- [    Test worker] c.p.b.controller.ImageControllerTests    : No active profile set, falling back to 1 default profile: "default"
2024-04-09T00:23:51.989+09:00  INFO 93342 --- [    Test worker] .s.d.r.c.RepositoryConfigurationDelegate : Multiple Spring Data modules found, entering strict repository configuration mode
2024-04-09T00:23:51.990+09:00  INFO 93342 --- [    Test worker] .s.d.r.c.RepositoryConfigurationDelegate : Bootstrapping Spring Data JDBC repositories in DEFAULT mode.
2024-04-09T00:23:51.997+09:00  INFO 93342 --- [    Test worker] .s.d.r.c.RepositoryConfigurationDelegate : Finished Spring Data repository scanning in 5 ms. Found 0 JDBC repository interfaces.
2024-04-09T00:23:52.003+09:00  INFO 93342 --- [    Test worker] .s.d.r.c.RepositoryConfigurationDelegate : Multiple Spring Data modules found, entering strict repository configuration mode
2024-04-09T00:23:52.003+09:00  INFO 93342 --- [    Test worker] .s.d.r.c.RepositoryConfigurationDelegate : Bootstrapping Spring Data JPA repositories in DEFAULT mode.
2024-04-09T00:23:52.006+09:00  INFO 93342 --- [    Test worker] .s.d.r.c.RepositoryConfigurationDelegate : Finished Spring Data repository scanning in 1 ms. Found 0 JPA repository interfaces.
2024-04-09T00:23:52.154+09:00  INFO 93342 --- [    Test worker] com.zaxxer.hikari.HikariDataSource       : HikariPool-1 - Starting...
2024-04-09T00:23:52.232+09:00  INFO 93342 --- [    Test worker] com.zaxxer.hikari.pool.HikariPool        : HikariPool-1 - Added connection conn0: url=jdbc:h2:mem:testdb user=ADMIN
2024-04-09T00:23:52.233+09:00  INFO 93342 --- [    Test worker] com.zaxxer.hikari.HikariDataSource       : HikariPool-1 - Start completed.
2024-04-09T00:23:52.257+09:00  INFO 93342 --- [    Test worker] o.hibernate.jpa.internal.util.LogHelper  : HHH000204: Processing PersistenceUnitInfo [name: default]
2024-04-09T00:23:52.282+09:00  INFO 93342 --- [    Test worker] org.hibernate.Version                    : HHH000412: Hibernate ORM core version 6.4.4.Final
2024-04-09T00:23:52.295+09:00  INFO 93342 --- [    Test worker] o.h.c.internal.RegionFactoryInitiator    : HHH000026: Second-level cache disabled
2024-04-09T00:23:52.389+09:00  INFO 93342 --- [    Test worker] o.s.o.j.p.SpringPersistenceUnitInfo      : No LoadTimeWeaver setup: ignoring JPA class transformer
2024-04-09T00:23:52.410+09:00  WARN 93342 --- [    Test worker] org.hibernate.orm.deprecation            : HHH90000025: H2Dialect does not need to be specified explicitly using 'hibernate.dialect' (remove the property setting and it will be selected by default)
2024-04-09T00:23:52.544+09:00  INFO 93342 --- [    Test worker] o.h.e.t.j.p.i.JtaPlatformInitiator       : HHH000489: No JTA platform available (set 'hibernate.transaction.jta.platform' to enable JTA platform integration)
2024-04-09T00:23:52.546+09:00  INFO 93342 --- [    Test worker] j.LocalContainerEntityManagerFactoryBean : Initialized JPA EntityManagerFactory for persistence unit 'default'
2024-04-09T00:23:52.831+09:00  WARN 93342 --- [    Test worker] JpaBaseConfiguration$JpaWebConfiguration : spring.jpa.open-in-view is enabled by default. Therefore, database queries may be performed during view rendering. Explicitly configure spring.jpa.open-in-view to disable this warning
2024-04-09T00:23:53.011+09:00  INFO 93342 --- [    Test worker] o.s.b.a.h2.H2ConsoleAutoConfiguration    : H2 console available at '/h2-console'. Database available at 'jdbc:h2:mem:testdb'
2024-04-09T00:23:53.026+09:00  INFO 93342 --- [    Test worker] o.s.b.t.m.w.SpringBootMockServletContext : Initializing Spring TestDispatcherServlet ''
2024-04-09T00:23:53.026+09:00  INFO 93342 --- [    Test worker] o.s.t.web.servlet.TestDispatcherServlet  : Initializing Servlet ''
2024-04-09T00:23:53.027+09:00  INFO 93342 --- [    Test worker] o.s.t.web.servlet.TestDispatcherServlet  : Completed initialization in 0 ms
2024-04-09T00:23:53.037+09:00  INFO 93342 --- [    Test worker] c.p.b.controller.ImageControllerTests    : Started ImageControllerTests in 1.435 seconds (process running for 1.908)
2024-04-09T00:23:53.378+09:00  INFO 93342 --- [    Test worker] o.s.mock.web.MockServletContext          : Initializing Spring TestDispatcherServlet ''
2024-04-09T00:23:53.378+09:00  INFO 93342 --- [    Test worker] o.s.t.web.servlet.TestDispatcherServlet  : Initializing Servlet ''
2024-04-09T00:23:53.378+09:00  INFO 93342 --- [    Test worker] o.s.t.web.servlet.TestDispatcherServlet  : Completed initialization in 0 ms
]]></system-out>
  <system-err><![CDATA[WARNING: A Java agent has been loaded dynamically (/Users/user/.gradle/caches/modules-2/files-2.1/net.bytebuddy/byte-buddy-agent/1.14.12/be4984cb6fd1ef1d11f218a648889dfda44b8a15/byte-buddy-agent-1.14.12.jar)
WARNING: If a serviceability tool is in use, please run with -XX:+EnableDynamicAgentLoading to hide this warning
WARNING: If a serviceability tool is not in use, please run with -Djdk.instrument.traceUsage for more information
WARNING: Dynamic loading of agents will be disallowed by default in a future release
]]></system-err>
</testsuite>
